  BigFunction.cpp
  The contents of <execution> are available only with C++17 or later.
D:\Desktop\╠├╥╙\CourseWork3\CourseWork3\BigFunction.cpp(84): warning #589: transfer of control bypasses initialization of:
              variable "local_plane_x0" (declared at line 86)
    		switch (num_in_face) {
    		^
  
  short_characteristics_build_graph.cpp
  The contents of <execution> are available only with C++17 or later.
  short_characteristics_calculations.cpp
  The contents of <execution> are available only with C++17 or later.
D:\Desktop\╠├╥╙\CourseWork3\CourseWork3\short_characteristics_calculations.cpp(27): warning #589: transfer of control bypasses initialization of:
              variable "local_plane_x0" (declared at line 29)
    		switch (num_in_face) {
    		^
  
D:\Desktop\╠├╥╙\CourseWork3\CourseWork3\short_characteristics_calculations.cpp(768): warning #1491: definition from the enclosing scope variable "i" (declared at line 751) :is used. definition from the for loop variable "i" (declared at line 757) is ignored
    			normals(i, j) = n[j];
    			        ^
  
  short_characteristics_main.cpp
  The contents of <execution> are available only with C++17 or later.
  CourseWork3.vcxproj -> D:\Desktop\МГТУ\CourseWork3\Release\CourseWork3.exe
